<?xml version="1.0" encoding="UTF-8"?>
<!-- Generated by org.testng.reporters.JUnitReportReporter -->
<testsuite skipped="0" hostname="administrator-Latitude-3450" name="extent.reports.extentreports" tests="1" failures="0" timestamp="2021-10-24T18:59:23 IST" time="11.001" errors="0">
  <testcase name="login" time="11.001" classname="extent.reports.extentreports"/>
  <system-out/>
</testsuite> <!-- extent.reports.extentreports -->
